<?xml version="1.0" encoding="UTF-8"?>
<!-- Generated by org.testng.reporters.JUnitXMLReporter -->
<testsuite ignored="0" hostname="DESKTOP-10E3PP0" failures="0" tests="4" name="Test" time="82.422" errors="0" timestamp="2024-05-03T07:07:54 EDT">
  <testcase classname="WebTechAssignment.tests.TestLogInFunctionality" name="loginPageInvalidCredentials" time="2.819"/>
  <testcase classname="WebTechAssignment.tests.TestLogInFunctionality" name="loginPageValidCredentials" time="2.32"/>
  <testcase classname="WebTechAssignment.tests.TestLogOutFunctionality" name="validateLogOut" time="4.121"/>
  <testcase classname="WebTechAssignment.tests.TestMyInfoFunctionality" name="validateUpdatesOnMyInfo" time="6.068"/>
</testsuite> <!-- Test -->
