<?xml version="1.0" encoding="UTF-8"?>
<testng-results ignored="0" total="4" passed="4" failed="0" skipped="0">
  <reporter-output>
  </reporter-output>
  <suite started-at="2024-05-03T07:06:31 EDT" name="Suite" finished-at="2024-05-03T07:07:53 EDT" duration-ms="82422">
    <groups>
    </groups>
    <test started-at="2024-05-03T07:06:31 EDT" name="Test" finished-at="2024-05-03T07:07:53 EDT" duration-ms="82422">
      <class name="WebTechAssignment.tests.TestLogInFunctionality">
        <test-method is-config="true" signature="launchApplication()[pri:0, instance:WebTechAssignment.tests.TestLogInFunctionality@5386659f]" started-at="2024-05-03T07:06:31 EDT" name="launchApplication" finished-at="2024-05-03T07:06:48 EDT" duration-ms="17169" status="PASS">
          <reporter-output>
          </reporter-output>
        </test-method> <!-- launchApplication -->
        <test-method signature="loginPageInvalidCredentials()[pri:0, instance:WebTechAssignment.tests.TestLogInFunctionality@5386659f]" started-at="2024-05-03T07:06:48 EDT" name="loginPageInvalidCredentials" finished-at="2024-05-03T07:06:51 EDT" duration-ms="2819" status="PASS">
          <reporter-output>
          </reporter-output>
        </test-method> <!-- loginPageInvalidCredentials -->
        <test-method is-config="true" signature="closeDriver()[pri:0, instance:WebTechAssignment.tests.TestLogInFunctionality@5386659f]" started-at="2024-05-03T07:06:51 EDT" name="closeDriver" finished-at="2024-05-03T07:06:51 EDT" duration-ms="84" status="PASS">
          <reporter-output>
          </reporter-output>
        </test-method> <!-- closeDriver -->
        <test-method is-config="true" signature="launchApplication()[pri:0, instance:WebTechAssignment.tests.TestLogInFunctionality@5386659f]" started-at="2024-05-03T07:06:51 EDT" name="launchApplication" finished-at="2024-05-03T07:07:02 EDT" duration-ms="11400" status="PASS">
          <reporter-output>
          </reporter-output>
        </test-method> <!-- launchApplication -->
        <test-method signature="loginPageValidCredentials()[pri:0, instance:WebTechAssignment.tests.TestLogInFunctionality@5386659f]" started-at="2024-05-03T07:07:02 EDT" name="loginPageValidCredentials" finished-at="2024-05-03T07:07:05 EDT" duration-ms="2320" status="PASS">
          <reporter-output>
          </reporter-output>
        </test-method> <!-- loginPageValidCredentials -->
        <test-method is-config="true" signature="closeDriver()[pri:0, instance:WebTechAssignment.tests.TestLogInFunctionality@5386659f]" started-at="2024-05-03T07:07:05 EDT" name="closeDriver" finished-at="2024-05-03T07:07:05 EDT" duration-ms="101" status="PASS">
          <reporter-output>
          </reporter-output>
        </test-method> <!-- closeDriver -->
      </class> <!-- WebTechAssignment.tests.TestLogInFunctionality -->
      <class name="WebTechAssignment.tests.TestLogOutFunctionality">
        <test-method is-config="true" signature="launchApplication()[pri:0, instance:WebTechAssignment.tests.TestLogOutFunctionality@19932c16]" started-at="2024-05-03T07:07:05 EDT" name="launchApplication" finished-at="2024-05-03T07:07:23 EDT" duration-ms="18601" status="PASS">
          <reporter-output>
          </reporter-output>
        </test-method> <!-- launchApplication -->
        <test-method signature="validateLogOut()[pri:0, instance:WebTechAssignment.tests.TestLogOutFunctionality@19932c16]" started-at="2024-05-03T07:07:23 EDT" name="validateLogOut" finished-at="2024-05-03T07:07:28 EDT" duration-ms="4121" status="PASS">
          <reporter-output>
          </reporter-output>
        </test-method> <!-- validateLogOut -->
        <test-method is-config="true" signature="closeDriver()[pri:0, instance:WebTechAssignment.tests.TestLogOutFunctionality@19932c16]" started-at="2024-05-03T07:07:28 EDT" name="closeDriver" finished-at="2024-05-03T07:07:28 EDT" duration-ms="84" status="PASS">
          <reporter-output>
          </reporter-output>
        </test-method> <!-- closeDriver -->
      </class> <!-- WebTechAssignment.tests.TestLogOutFunctionality -->
      <class name="WebTechAssignment.tests.TestMyInfoFunctionality">
        <test-method is-config="true" signature="launchApplication()[pri:0, instance:WebTechAssignment.tests.TestMyInfoFunctionality@73eb439a]" started-at="2024-05-03T07:07:28 EDT" name="launchApplication" finished-at="2024-05-03T07:07:47 EDT" duration-ms="19515" status="PASS">
          <reporter-output>
          </reporter-output>
        </test-method> <!-- launchApplication -->
        <test-method signature="validateUpdatesOnMyInfo()[pri:0, instance:WebTechAssignment.tests.TestMyInfoFunctionality@73eb439a]" started-at="2024-05-03T07:07:47 EDT" name="validateUpdatesOnMyInfo" finished-at="2024-05-03T07:07:53 EDT" duration-ms="6068" status="PASS">
          <reporter-output>
          </reporter-output>
        </test-method> <!-- validateUpdatesOnMyInfo -->
        <test-method is-config="true" signature="closeDriver()[pri:0, instance:WebTechAssignment.tests.TestMyInfoFunctionality@73eb439a]" started-at="2024-05-03T07:07:53 EDT" name="closeDriver" finished-at="2024-05-03T07:07:53 EDT" duration-ms="102" status="PASS">
          <reporter-output>
          </reporter-output>
        </test-method> <!-- closeDriver -->
      </class> <!-- WebTechAssignment.tests.TestMyInfoFunctionality -->
    </test> <!-- Test -->
  </suite> <!-- Suite -->
</testng-results>
