<?xml version="1.0" encoding="UTF-8"?>
<testng-results ignored="0" total="1" passed="1" failed="0" skipped="0">
  <reporter-output>
  </reporter-output>
  <suite started-at="2024-05-03T07:05:54 EDT" name="Default suite" finished-at="2024-05-03T07:06:14 EDT" duration-ms="19639">
    <groups>
    </groups>
    <test started-at="2024-05-03T07:05:54 EDT" name="Default test" finished-at="2024-05-03T07:06:14 EDT" duration-ms="19639">
      <class name="WebTechAssignment.tests.TestMyInfoFunctionality">
        <test-method is-config="true" signature="launchApplication()[pri:0, instance:WebTechAssignment.tests.TestMyInfoFunctionality@1ed6388a]" started-at="2024-05-03T07:05:54 EDT" name="launchApplication" finished-at="2024-05-03T07:06:07 EDT" duration-ms="12998" status="PASS">
          <reporter-output>
          </reporter-output>
        </test-method> <!-- launchApplication -->
        <test-method signature="validateUpdatesOnMyInfo()[pri:0, instance:WebTechAssignment.tests.TestMyInfoFunctionality@1ed6388a]" started-at="2024-05-03T07:06:07 EDT" name="validateUpdatesOnMyInfo" finished-at="2024-05-03T07:06:14 EDT" duration-ms="6471" status="PASS">
          <reporter-output>
          </reporter-output>
        </test-method> <!-- validateUpdatesOnMyInfo -->
        <test-method is-config="true" signature="closeDriver()[pri:0, instance:WebTechAssignment.tests.TestMyInfoFunctionality@1ed6388a]" started-at="2024-05-03T07:06:14 EDT" name="closeDriver" finished-at="2024-05-03T07:06:14 EDT" duration-ms="122" status="PASS">
          <reporter-output>
          </reporter-output>
        </test-method> <!-- closeDriver -->
      </class> <!-- WebTechAssignment.tests.TestMyInfoFunctionality -->
    </test> <!-- Default test -->
  </suite> <!-- Default suite -->
</testng-results>
